[19:45:08] [main/INFO]: Loading Minecraft 1.21 with Fabric Loader 0.16.3
[19:45:08] [main/INFO]: Loading 4 mods:
	- fabricloader 0.16.3
	   \-- mixinextras 0.4.1
	- java 21
	- minecraft 1.21
[19:45:08] [main/INFO]: SpongePowered MIXIN Subsystem Version=0.8.7 Source=file:/workspaces/Neo-server-mine-1-21-1/servidor_minecraft/libraries/net/fabricmc/sponge-mixin/0.15.2+mixin.0.8.7/sponge-mixin-0.15.2+mixin.0.8.7.jar Service=Knot/Fabric Env=SERVER
[19:45:14] [main/INFO]: Environment: Environment[sessionHost=https://sessionserver.mojang.com, servicesHost=https://api.minecraftservices.com, name=PROD]
[19:45:15] [main/INFO]: No existing world data, creating new world
[19:45:15] [main/INFO]: Loaded 1290 recipes
[19:45:16] [main/INFO]: Loaded 1399 advancements
[19:45:16] [Server thread/INFO]: Starting minecraft server version 1.21
[19:45:16] [Server thread/INFO]: Loading properties
[19:45:16] [Server thread/INFO]: Default game type: SURVIVAL
[19:45:16] [Server thread/INFO]: Generating keypair
[19:45:16] [Server thread/INFO]: Starting Minecraft server on *:25565
[19:45:16] [Server thread/INFO]: Using epoll channel type
[19:45:16] [Server thread/WARN]: **** SERVER IS RUNNING IN OFFLINE/INSECURE MODE!
[19:45:16] [Server thread/WARN]: The server will make no attempt to authenticate usernames. Beware.
[19:45:16] [Server thread/WARN]: While this makes the game possible to play without internet access, it also opens up the ability for hackers to connect with any username they choose.
[19:45:16] [Server thread/WARN]: To change this, set "online-mode" to "true" in the server.properties file.
[19:45:16] [Server thread/INFO]: Preparing level "world"
[19:45:21] [Server thread/INFO]: Preparing start region for dimension minecraft:overworld
[19:45:21] [Worker-Main-3/INFO]: Preparing spawn area: 2%
[19:45:22] [Worker-Main-2/INFO]: Preparing spawn area: 2%
[19:45:22] [Worker-Main-2/INFO]: Preparing spawn area: 2%
[19:45:23] [Worker-Main-3/INFO]: Preparing spawn area: 2%
[19:45:23] [Worker-Main-1/INFO]: Preparing spawn area: 18%
[19:45:24] [Worker-Main-3/INFO]: Preparing spawn area: 18%
[19:45:24] [Worker-Main-1/INFO]: Preparing spawn area: 18%
[19:45:25] [Worker-Main-3/INFO]: Preparing spawn area: 51%
[19:45:25] [Worker-Main-2/INFO]: Preparing spawn area: 51%
[19:45:26] [Worker-Main-1/INFO]: Preparing spawn area: 51%
[19:45:26] [Server thread/INFO]: Time elapsed: 4797 ms
[19:45:26] [Server thread/INFO]: Done (9.852s)! For help, type "help"
